<?xml version="1.0" encoding="UTF-8"?>
<testng-results skipped="0" failed="0" ignored="0" total="1" passed="1">
  <reporter-output>
  </reporter-output>
  <suite name="Default suite" duration-ms="55454" started-at="2018-11-23T09:11:49Z" finished-at="2018-11-23T09:12:45Z">
    <groups>
    </groups>
    <test name="Default test" duration-ms="55454" started-at="2018-11-23T09:11:49Z" finished-at="2018-11-23T09:12:45Z">
      <class name="testNg2">
        <test-method status="PASS" signature="before1()[pri:0, instance:testNg2@651fd0]" name="before1" is-config="true" duration-ms="9932" started-at="2018-11-23T09:11:49Z" finished-at="2018-11-23T09:11:59Z">
          <reporter-output>
          </reporter-output>
        </test-method> <!-- before1 -->
        <test-method status="PASS" signature="test1()[pri:0, instance:testNg2@651fd0]" name="test1" duration-ms="45449" started-at="2018-11-23T09:11:59Z" finished-at="2018-11-23T09:12:45Z">
          <reporter-output>
          </reporter-output>
        </test-method> <!-- test1 -->
        <test-method status="PASS" signature="after1()[pri:0, instance:testNg2@651fd0]" name="after1" is-config="true" duration-ms="1" started-at="2018-11-23T09:12:45Z" finished-at="2018-11-23T09:12:45Z">
          <reporter-output>
          </reporter-output>
        </test-method> <!-- after1 -->
      </class> <!-- testNg2 -->
    </test> <!-- Default test -->
  </suite> <!-- Default suite -->
</testng-results>
